<?xml version="1.0" encoding="UTF-8"?>
<!-- Generated by org.testng.reporters.JUnitReportReporter -->
<testsuite hostname="LAPTOP-20TBR864" failures="0" tests="2" name="HandleFirstStep.Loin1" time="10.518" errors="0" timestamp="2025-04-02T09:28:13 GMT+07:00" skipped="0">
  <testcase classname="HandleFirstStep.Loin1" name="FindSelenium" time="7.069"/>
  <system-out/>
  <testcase classname="HandleFirstStep.Loin1" name="HandleLogin" time="3.449"/>
  <system-out/>
</testsuite> <!-- HandleFirstStep.Loin1 -->
