<?xml version="1.0" encoding="UTF-8"?>
<!-- Generated by org.testng.reporters.JUnitReportReporter -->
<testsuite hostname="LAPTOP-20TBR864" failures="0" tests="3" name="Elements.AlertWindowIframe" time="158.886" errors="0" timestamp="2025-04-08T23:49:02 GMT+07:00" skipped="0">
  <testcase classname="Elements.AlertWindowIframe" name="HandleAlert" time="36.730"/>
  <system-out/>
  <testcase classname="Elements.AlertWindowIframe" name="HandleWindow" time="29.486"/>
  <system-out/>
  <testcase classname="Elements.AlertWindowIframe" name="HandleIframe" time="92.670"/>
  <system-out/>
</testsuite> <!-- Elements.AlertWindowIframe -->
