<?xml version="1.0" encoding="UTF-8"?>
<!-- Generated by org.testng.reporters.JUnitReportReporter -->
<testsuite hostname="LAPTOP-20TBR864" failures="0" tests="2" name="HandleFirstStep.Login" time="10.944" errors="0" timestamp="2025-04-02T09:22:10 GMT+07:00" skipped="0">
  <testcase classname="HandleFirstStep.Login" name="FindSelenium" time="7.487"/>
  <system-out/>
  <testcase classname="HandleFirstStep.Login" name="HandleLogin" time="3.457"/>
  <system-out/>
</testsuite> <!-- HandleFirstStep.Login -->
