<?xml version="1.0" encoding="UTF-8"?>
<!-- Generated by org.testng.reporters.JUnitReportReporter -->
<testsuite hostname="LAPTOP-20TBR864" failures="0" tests="1" name="Elements.RadioButton" time="6.687" errors="0" timestamp="2025-04-06T23:23:34 GMT+07:00" skipped="0">
  <testcase classname="Elements.RadioButton" name="HandleradioButton1" time="6.687"/>
  <system-out/>
</testsuite> <!-- Elements.RadioButton -->
