<?xml version="1.0" encoding="UTF-8"?>
<!-- Generated by org.testng.reporters.JUnitReportReporter -->
<testsuite hostname="LAPTOP-20TBR864" failures="0" tests="1" name="Elements.TextBox" time="13.452" errors="0" timestamp="2025-04-02T22:49:01 GMT+07:00" skipped="0">
  <testcase classname="Elements.TextBox" name="HandleTextBox" time="13.452"/>
  <system-out/>
</testsuite> <!-- Elements.TextBox -->
