<?xml version="1.0" encoding="UTF-8"?>
<!-- Generated by org.testng.reporters.JUnitReportReporter -->
<testsuite hostname="LAPTOP-20TBR864" failures="0" tests="1" name="Elements.ButtonActionClass" time="13.292" errors="0" timestamp="2025-04-06T23:40:44 GMT+07:00" skipped="0">
  <testcase classname="Elements.ButtonActionClass" name="HandleButton" time="13.292"/>
  <system-out/>
</testsuite> <!-- Elements.ButtonActionClass -->
