<?xml version="1.0" encoding="UTF-8"?>
<!-- Generated by org.testng.reporters.JUnitReportReporter -->
<testsuite hostname="LAPTOP-20TBR864" failures="0" tests="1" name="Elements.CheckBox" time="15.996" errors="0" timestamp="2025-04-03T00:05:40 GMT+07:00" skipped="0">
  <testcase classname="Elements.CheckBox" name="HandleCheckBox" time="15.996"/>
  <system-out/>
</testsuite> <!-- Elements.CheckBox -->
